Traceback (most recent call last):
  File "/home/fahimaloy/Projects/cj36/backend/.venv/bin/uvicorn", line 10, in <module>
    sys.exit(main())
             ^^^^^^
  File "/home/fahimaloy/Projects/cj36/backend/.venv/lib/python3.12/site-packages/click/core.py", line 1485, in __call__
    return self.main(*args, **kwargs)
           ^^^^^^^^^^^^^^^^^^^^^^^^^^
  File "/home/fahimaloy/Projects/cj36/backend/.venv/lib/python3.12/site-packages/click/core.py", line 1406, in main
    rv = self.invoke(ctx)
         ^^^^^^^^^^^^^^^^
  File "/home/fahimaloy/Projects/cj36/backend/.venv/lib/python3.12/site-packages/click/core.py", line 1269, in invoke
    return ctx.invoke(self.callback, **ctx.params)
           ^^^^^^^^^^^^^^^^^^^^^^^^^^^^^^^^^^^^^^^
  File "/home/fahimaloy/Projects/cj36/backend/.venv/lib/python3.12/site-packages/click/core.py", line 824, in invoke
    return callback(*args, **kwargs)
           ^^^^^^^^^^^^^^^^^^^^^^^^^
  File "/home/fahimaloy/Projects/cj36/backend/.venv/lib/python3.12/site-packages/uvicorn/main.py", line 423, in main
    run(
  File "/home/fahimaloy/Projects/cj36/backend/.venv/lib/python3.12/site-packages/uvicorn/main.py", line 593, in run
    server.run()
  File "/home/fahimaloy/Projects/cj36/backend/.venv/lib/python3.12/site-packages/uvicorn/server.py", line 67, in run
    return asyncio_run(self.serve(sockets=sockets), loop_factory=self.config.get_loop_factory())
           ^^^^^^^^^^^^^^^^^^^^^^^^^^^^^^^^^^^^^^^^^^^^^^^^^^^^^^^^^^^^^^^^^^^^^^^^^^^^^^^^^^^^^
  File "/home/fahimaloy/.local/share/uv/python/cpython-3.12.12-linux-x86_64-gnu/lib/python3.12/asyncio/runners.py", line 195, in run
    return runner.run(main)
           ^^^^^^^^^^^^^^^^
  File "/home/fahimaloy/.local/share/uv/python/cpython-3.12.12-linux-x86_64-gnu/lib/python3.12/asyncio/runners.py", line 118, in run
    return self._loop.run_until_complete(task)
           ^^^^^^^^^^^^^^^^^^^^^^^^^^^^^^^^^^^
  File "uvloop/loop.pyx", line 1518, in uvloop.loop.Loop.run_until_complete
  File "/home/fahimaloy/Projects/cj36/backend/.venv/lib/python3.12/site-packages/uvicorn/server.py", line 71, in serve
    await self._serve(sockets)
  File "/home/fahimaloy/Projects/cj36/backend/.venv/lib/python3.12/site-packages/uvicorn/server.py", line 78, in _serve
    config.load()
  File "/home/fahimaloy/Projects/cj36/backend/.venv/lib/python3.12/site-packages/uvicorn/config.py", line 439, in load
    self.loaded_app = import_from_string(self.app)
                      ^^^^^^^^^^^^^^^^^^^^^^^^^^^^
  File "/home/fahimaloy/Projects/cj36/backend/.venv/lib/python3.12/site-packages/uvicorn/importer.py", line 19, in import_from_string
    module = importlib.import_module(module_str)
             ^^^^^^^^^^^^^^^^^^^^^^^^^^^^^^^^^^^
  File "/home/fahimaloy/.local/share/uv/python/cpython-3.12.12-linux-x86_64-gnu/lib/python3.12/importlib/__init__.py", line 90, in import_module
    return _bootstrap._gcd_import(name[level:], package, level)
           ^^^^^^^^^^^^^^^^^^^^^^^^^^^^^^^^^^^^^^^^^^^^^^^^^^^^
  File "<frozen importlib._bootstrap>", line 1387, in _gcd_import
  File "<frozen importlib._bootstrap>", line 1360, in _find_and_load
  File "<frozen importlib._bootstrap>", line 1331, in _find_and_load_unlocked
  File "<frozen importlib._bootstrap>", line 935, in _load_unlocked
  File "<frozen importlib._bootstrap_external>", line 999, in exec_module
  File "<frozen importlib._bootstrap>", line 488, in _call_with_frames_removed
  File "/home/fahimaloy/Projects/cj36/backend/src/cj36/main.py", line 5, in <module>
    from cj36.api.v1.router import api_router
  File "/home/fahimaloy/Projects/cj36/backend/src/cj36/api/v1/router.py", line 2, in <module>
    from cj36.api.v1 import users, categories, posts, system
  File "/home/fahimaloy/Projects/cj36/backend/src/cj36/api/v1/posts.py", line 13, in <module>
    from cj36.models import (
ImportError: cannot import name 'PostSyncResponse' from 'cj36.models' (/home/fahimaloy/Projects/cj36/backend/src/cj36/models.py)
